\BOOKMARK [1][-]{section.1}{Project Description}{}% 1
\BOOKMARK [2][-]{subsection.1.1}{Project Requirements}{section.1}% 2
\BOOKMARK [2][-]{subsection.1.2}{Project Design}{section.1}% 3
\BOOKMARK [2][-]{subsection.1.3}{Project plan}{section.1}% 4
\BOOKMARK [1][-]{section.2}{Project Milestones}{}% 5
\BOOKMARK [2][-]{subsection.2.1}{Milestone 1}{section.2}% 6
\BOOKMARK [2][-]{subsection.2.2}{Milestone 2}{section.2}% 7
\BOOKMARK [2][-]{subsection.2.3}{Final Milestone}{section.2}% 8
\BOOKMARK [1][-]{section.3}{Project status}{}% 9
\BOOKMARK [2][-]{subsection.3.1}{Deliverable List}{section.3}% 10
\BOOKMARK [2][-]{subsection.3.2}{Deliverable Status}{section.3}% 11
\BOOKMARK [2][-]{subsection.3.3}{Deliverable Evaluation}{section.3}% 12
\BOOKMARK [1][-]{section.4}{Coding Work}{}% 13
\BOOKMARK [1][-]{section.5}{Evaluation of tools and managing the project}{}% 14
\BOOKMARK [2][-]{subsection.5.1}{Django}{section.5}% 15
\BOOKMARK [2][-]{subsection.5.2}{Mptt}{section.5}% 16
\BOOKMARK [2][-]{subsection.5.3}{Telegram}{section.5}% 17
\BOOKMARK [2][-]{subsection.5.4}{Wit}{section.5}% 18
\BOOKMARK [2][-]{subsection.5.5}{GoodReads}{section.5}% 19
\BOOKMARK [2][-]{subsection.5.6}{AWS}{section.5}% 20
\BOOKMARK [1][-]{section.6}{Summary}{}% 21
